#! /c/Source/iverilog-install/bin/vvp
:ivl_version "12.0 (devel)" "(s20150603-1539-g2693dd32b)";
:ivl_delay_selection "TYPICAL";
:vpi_time_precision - 12;
:vpi_module "C:\iverilog\lib\ivl\system.vpi";
:vpi_module "C:\iverilog\lib\ivl\vhdl_sys.vpi";
:vpi_module "C:\iverilog\lib\ivl\vhdl_textio.vpi";
:vpi_module "C:\iverilog\lib\ivl\v2005_math.vpi";
:vpi_module "C:\iverilog\lib\ivl\va_math.vpi";
:vpi_module "C:\iverilog\lib\ivl\v2009.vpi";
S_000001dcfead15a0 .scope package, "$unit" "$unit" 2 1;
 .timescale 0 0;
S_000001dcfead1730 .scope module, "crc_top_tb_v2" "crc_top_tb_v2" 3 4;
 .timescale -9 -12;
P_000001dcfeac2c10 .param/l "crc" 1 3 6, +C4<00000000000000000000000000100000>;
P_000001dcfeac2c48 .param/l "data_size" 1 3 10, +C4<00000000000000000000000000100000>;
P_000001dcfeac2c80 .param/l "n" 1 3 8, +C4<00000000000000000000000000000100>;
P_000001dcfeac2cb8 .param/l "poly" 1 3 7, C4<11101101101110001000001100100000>;
P_000001dcfeac2cf0 .param/l "residue" 1 3 9, C4<00100001010001001101111100011100>;
v000001dcfeb31f90_0 .var "byte_reg", 7 0;
v000001dcfeb31db0_0 .var "clk", 0 0;
v000001dcfeb31ef0_0 .net "correct", 0 0, v000001dcfeabeae0_0;  1 drivers
v000001dcfeb32c10_0 .var "data", 3 0;
v000001dcfeb336b0_0 .var "en_data", 0 0;
v000001dcfeb33890_0 .var/i "i", 31 0;
v000001dcfeb32cb0_0 .var "rst_n", 0 0;
v000001dcfeb332f0_0 .var "temp_reg", 31 0;
E_000001dcfead8ce0 .event negedge, v000001dcfeabe900_0;
S_000001dcfea7e820 .scope module, "uut" "crc_top_v2" 3 37, 4 2 0, S_000001dcfead1730;
 .timescale -9 -12;
    .port_info 0 /INPUT 1 "clk";
    .port_info 1 /INPUT 1 "rst_n";
    .port_info 2 /INPUT 4 "data";
    .port_info 3 /INPUT 1 "en_data";
    .port_info 4 /OUTPUT 1 "correct";
P_000001dcfeac4290 .param/l "crc" 0 4 3, +C4<00000000000000000000000000100000>;
P_000001dcfeac42c8 .param/l "n" 0 4 5, +C4<00000000000000000000000000000100>;
P_000001dcfeac4300 .param/l "poly" 0 4 4, C4<11101101101110001000001100100000>;
P_000001dcfeac4338 .param/l "residue" 0 4 6, C4<00100001010001001101111100011100>;
L_000001dcfeb7c8f0 .functor NOT 32, v000001dcfeb33390_0, C4<00000000000000000000000000000000>, C4<00000000000000000000000000000000>, C4<00000000000000000000000000000000>;
v000001dcfeadbc60_0 .net *"_ivl_0", 31 0, L_000001dcfeb7c8f0;  1 drivers
L_000001dcfeb33bf8 .functor BUFT 1, C4<00100001010001001101111100011100>, C4<0>, C4<0>, C4<0>;
v000001dcfeadbd00_0 .net/2u *"_ivl_2", 31 0, L_000001dcfeb33bf8;  1 drivers
v000001dcfeadbda0_0 .net *"_ivl_4", 0 0, L_000001dcfeb323f0;  1 drivers
L_000001dcfeb33c40 .functor BUFT 1, C4<1>, C4<0>, C4<0>, C4<0>;
v000001dcfeada4a0_0 .net/2u *"_ivl_6", 0 0, L_000001dcfeb33c40;  1 drivers
L_000001dcfeb33c88 .functor BUFT 1, C4<0>, C4<0>, C4<0>, C4<0>;
v000001dcfeada5e0_0 .net/2u *"_ivl_8", 0 0, L_000001dcfeb33c88;  1 drivers
v000001dcfeabe900_0 .net "clk", 0 0, v000001dcfeb31db0_0;  1 drivers
v000001dcfeabeae0_0 .var "correct", 0 0;
v000001dcfeabeb80_0 .net "correct_wire", 0 0, L_000001dcfeb32b70;  1 drivers
v000001dcfeabef40_0 .net "data", 3 0, v000001dcfeb32c10_0;  1 drivers
v000001dcfeb328f0_0 .var "data_reg", 3 0;
v000001dcfeb33430_0 .net "en_data", 0 0, v000001dcfeb336b0_0;  1 drivers
v000001dcfeb32e90_0 .var "en_lfsr", 0 0;
v000001dcfeb33390_0 .var "lfsr", 31 0;
v000001dcfeb32030_0 .net "lfsr_out", 31 0, L_000001dcfeb7bfc0;  1 drivers
v000001dcfeb33110_0 .net "rst_n", 0 0, v000001dcfeb32cb0_0;  1 drivers
E_000001dcfead8d20/0 .event negedge, v000001dcfeb33110_0;
E_000001dcfead8d20/1 .event posedge, v000001dcfeabe900_0;
E_000001dcfead8d20 .event/or E_000001dcfead8d20/0, E_000001dcfead8d20/1;
E_000001dcfead8da0 .event posedge, v000001dcfeabe900_0;
L_000001dcfeb323f0 .cmp/eq 32, L_000001dcfeb7c8f0, L_000001dcfeb33bf8;
L_000001dcfeb32b70 .functor MUXZ 1, L_000001dcfeb33c88, L_000001dcfeb33c40, L_000001dcfeb323f0, C4<>;
S_000001dcfea7e9b0 .scope module, "uut" "crc_comb" 4 26, 5 1 0, S_000001dcfea7e820;
 .timescale 0 0;
    .port_info 0 /INPUT 32 "lfsr";
    .port_info 1 /INPUT 4 "data_reg";
    .port_info 2 /OUTPUT 32 "lfsr_out";
P_000001dcfea797b0 .param/l "crc" 0 5 2, +C4<00000000000000000000000000100000>;
P_000001dcfea797e8 .param/l "poly" 0 5 3, C4<11101101101110001000001100100000>;
L_000001dcfead4560 .functor XOR 1, L_000001dcfeb320d0, L_000001dcfeb32fd0, C4<0>, C4<0>;
L_000001dcfead45d0 .functor XOR 1, L_000001dcfeb32d50, L_000001dcfeb33750, C4<0>, C4<0>;
L_000001dcfead4800 .functor XOR 1, L_000001dcfeb32df0, L_000001dcfeb32350, C4<0>, C4<0>;
L_000001dcfead46b0 .functor XOR 1, L_000001dcfeb31d10, L_000001dcfeb32210, C4<0>, C4<0>;
L_000001dcfeb339b8 .functor BUFT 1, C4<11101101101110001000001100100000>, C4<0>, C4<0>, C4<0>;
L_000001dcfead4720 .functor AND 32, L_000001dcfeb339b8, L_000001dcfeb32f30, C4<11111111111111111111111111111111>, C4<11111111111111111111111111111111>;
L_000001dcfeb33a00 .functor BUFT 1, C4<11101101101110001000001100100000>, C4<0>, C4<0>, C4<0>;
L_000001dcfead48e0 .functor AND 32, L_000001dcfeb33a00, L_000001dcfeb31a90, C4<11111111111111111111111111111111>, C4<11111111111111111111111111111111>;
L_000001dcfeb33a48 .functor BUFT 1, C4<11101101101110001000001100100000>, C4<0>, C4<0>, C4<0>;
L_000001dcfead4950 .functor AND 32, L_000001dcfeb33a48, L_000001dcfeb31e50, C4<11111111111111111111111111111111>, C4<11111111111111111111111111111111>;
L_000001dcfeb33a90 .functor BUFT 1, C4<11101101101110001000001100100000>, C4<0>, C4<0>, C4<0>;
L_000001dcfead3ca0 .functor AND 32, L_000001dcfeb33a90, L_000001dcfeb32990, C4<11111111111111111111111111111111>, C4<11111111111111111111111111111111>;
L_000001dcfead3c30 .functor XOR 32, L_000001dcfeb331b0, L_000001dcfeb334d0, C4<00000000000000000000000000000000>, C4<00000000000000000000000000000000>;
L_000001dcfead3d10 .functor XOR 32, L_000001dcfead3c30, L_000001dcfeb33570, C4<00000000000000000000000000000000>, C4<00000000000000000000000000000000>;
L_000001dcfeb7baf0 .functor XOR 32, L_000001dcfead3d10, L_000001dcfeb33610, C4<00000000000000000000000000000000>, C4<00000000000000000000000000000000>;
L_000001dcfeb7bfc0 .functor XOR 32, L_000001dcfeb7baf0, L_000001dcfead3ca0, C4<00000000000000000000000000000000>, C4<00000000000000000000000000000000>;
v000001dcfeadad60_0 .net *"_ivl_1", 0 0, L_000001dcfeb320d0;  1 drivers
v000001dcfeada9a0_0 .net *"_ivl_13", 0 0, L_000001dcfeb32df0;  1 drivers
v000001dcfeada680_0 .net *"_ivl_15", 0 0, L_000001dcfeb32350;  1 drivers
v000001dcfeadb620_0 .net *"_ivl_19", 0 0, L_000001dcfeb31d10;  1 drivers
v000001dcfeada220_0 .net *"_ivl_21", 0 0, L_000001dcfeb32210;  1 drivers
v000001dcfeada860_0 .net/2u *"_ivl_24", 31 0, L_000001dcfeb339b8;  1 drivers
v000001dcfeada2c0_0 .net *"_ivl_26", 31 0, L_000001dcfeb32f30;  1 drivers
v000001dcfeadb760_0 .net *"_ivl_3", 0 0, L_000001dcfeb32fd0;  1 drivers
v000001dcfeadb440_0 .net/2u *"_ivl_30", 31 0, L_000001dcfeb33a00;  1 drivers
v000001dcfeada7c0_0 .net *"_ivl_32", 31 0, L_000001dcfeb31a90;  1 drivers
v000001dcfeadb800_0 .net/2u *"_ivl_36", 31 0, L_000001dcfeb33a48;  1 drivers
v000001dcfeada360_0 .net *"_ivl_38", 31 0, L_000001dcfeb31e50;  1 drivers
v000001dcfeadb9e0_0 .net/2u *"_ivl_42", 31 0, L_000001dcfeb33a90;  1 drivers
v000001dcfeadaf40_0 .net *"_ivl_44", 31 0, L_000001dcfeb32990;  1 drivers
L_000001dcfeb33ad8 .functor BUFT 1, C4<0000>, C4<0>, C4<0>, C4<0>;
v000001dcfeadac20_0 .net/2u *"_ivl_48", 3 0, L_000001dcfeb33ad8;  1 drivers
v000001dcfeada720_0 .net *"_ivl_51", 27 0, L_000001dcfeb33070;  1 drivers
v000001dcfeada040_0 .net *"_ivl_52", 31 0, L_000001dcfeb331b0;  1 drivers
L_000001dcfeb33b20 .functor BUFT 1, C4<000>, C4<0>, C4<0>, C4<0>;
v000001dcfeadbb20_0 .net/2u *"_ivl_54", 2 0, L_000001dcfeb33b20;  1 drivers
v000001dcfeada900_0 .net *"_ivl_57", 28 0, L_000001dcfeb33250;  1 drivers
v000001dcfeadaa40_0 .net *"_ivl_58", 31 0, L_000001dcfeb334d0;  1 drivers
v000001dcfeadaae0_0 .net *"_ivl_60", 31 0, L_000001dcfead3c30;  1 drivers
L_000001dcfeb33b68 .functor BUFT 1, C4<00>, C4<0>, C4<0>, C4<0>;
v000001dcfeada0e0_0 .net/2u *"_ivl_62", 1 0, L_000001dcfeb33b68;  1 drivers
v000001dcfeadafe0_0 .net *"_ivl_65", 29 0, L_000001dcfeb32170;  1 drivers
v000001dcfeadbbc0_0 .net *"_ivl_66", 31 0, L_000001dcfeb33570;  1 drivers
v000001dcfeadb080_0 .net *"_ivl_68", 31 0, L_000001dcfead3d10;  1 drivers
v000001dcfeadacc0_0 .net *"_ivl_7", 0 0, L_000001dcfeb32d50;  1 drivers
L_000001dcfeb33bb0 .functor BUFT 1, C4<0>, C4<0>, C4<0>, C4<0>;
v000001dcfeadb4e0_0 .net/2u *"_ivl_70", 0 0, L_000001dcfeb33bb0;  1 drivers
v000001dcfeadab80_0 .net *"_ivl_73", 30 0, L_000001dcfeb322b0;  1 drivers
v000001dcfeadb260_0 .net *"_ivl_74", 31 0, L_000001dcfeb33610;  1 drivers
v000001dcfeadb580_0 .net *"_ivl_76", 31 0, L_000001dcfeb7baf0;  1 drivers
v000001dcfeada540_0 .net *"_ivl_9", 0 0, L_000001dcfeb33750;  1 drivers
v000001dcfeadb120_0 .net "d0", 31 0, L_000001dcfead4720;  1 drivers
v000001dcfeadb300_0 .net "d1", 31 0, L_000001dcfead48e0;  1 drivers
v000001dcfeadb1c0_0 .net "d2", 31 0, L_000001dcfead4950;  1 drivers
v000001dcfeadae00_0 .net "d3", 31 0, L_000001dcfead3ca0;  1 drivers
v000001dcfeadaea0_0 .net "data_reg", 3 0, v000001dcfeb328f0_0;  1 drivers
v000001dcfeadb3a0_0 .net "lfsr", 31 0, v000001dcfeb33390_0;  1 drivers
v000001dcfeada180_0 .net "lfsr_out", 31 0, L_000001dcfeb7bfc0;  alias, 1 drivers
v000001dcfeadb8a0_0 .net "t0", 0 0, L_000001dcfead4560;  1 drivers
v000001dcfeadb940_0 .net "t1", 0 0, L_000001dcfead45d0;  1 drivers
v000001dcfeadba80_0 .net "t2", 0 0, L_000001dcfead4800;  1 drivers
v000001dcfeada400_0 .net "t3", 0 0, L_000001dcfead46b0;  1 drivers
L_000001dcfeb320d0 .part v000001dcfeb328f0_0, 0, 1;
L_000001dcfeb32fd0 .part v000001dcfeb33390_0, 0, 1;
L_000001dcfeb32d50 .part v000001dcfeb328f0_0, 1, 1;
L_000001dcfeb33750 .part v000001dcfeb33390_0, 1, 1;
L_000001dcfeb32df0 .part v000001dcfeb328f0_0, 2, 1;
L_000001dcfeb32350 .part v000001dcfeb33390_0, 2, 1;
L_000001dcfeb31d10 .part v000001dcfeb328f0_0, 3, 1;
L_000001dcfeb32210 .part v000001dcfeb33390_0, 3, 1;
LS_000001dcfeb32f30_0_0 .concat [ 1 1 1 1], L_000001dcfead4560, L_000001dcfead4560, L_000001dcfead4560, L_000001dcfead4560;
LS_000001dcfeb32f30_0_4 .concat [ 1 1 1 1], L_000001dcfead4560, L_000001dcfead4560, L_000001dcfead4560, L_000001dcfead4560;
LS_000001dcfeb32f30_0_8 .concat [ 1 1 1 1], L_000001dcfead4560, L_000001dcfead4560, L_000001dcfead4560, L_000001dcfead4560;
LS_000001dcfeb32f30_0_12 .concat [ 1 1 1 1], L_000001dcfead4560, L_000001dcfead4560, L_000001dcfead4560, L_000001dcfead4560;
LS_000001dcfeb32f30_0_16 .concat [ 1 1 1 1], L_000001dcfead4560, L_000001dcfead4560, L_000001dcfead4560, L_000001dcfead4560;
LS_000001dcfeb32f30_0_20 .concat [ 1 1 1 1], L_000001dcfead4560, L_000001dcfead4560, L_000001dcfead4560, L_000001dcfead4560;
LS_000001dcfeb32f30_0_24 .concat [ 1 1 1 1], L_000001dcfead4560, L_000001dcfead4560, L_000001dcfead4560, L_000001dcfead4560;
LS_000001dcfeb32f30_0_28 .concat [ 1 1 1 1], L_000001dcfead4560, L_000001dcfead4560, L_000001dcfead4560, L_000001dcfead4560;
LS_000001dcfeb32f30_1_0 .concat [ 4 4 4 4], LS_000001dcfeb32f30_0_0, LS_000001dcfeb32f30_0_4, LS_000001dcfeb32f30_0_8, LS_000001dcfeb32f30_0_12;
LS_000001dcfeb32f30_1_4 .concat [ 4 4 4 4], LS_000001dcfeb32f30_0_16, LS_000001dcfeb32f30_0_20, LS_000001dcfeb32f30_0_24, LS_000001dcfeb32f30_0_28;
L_000001dcfeb32f30 .concat [ 16 16 0 0], LS_000001dcfeb32f30_1_0, LS_000001dcfeb32f30_1_4;
LS_000001dcfeb31a90_0_0 .concat [ 1 1 1 1], L_000001dcfead45d0, L_000001dcfead45d0, L_000001dcfead45d0, L_000001dcfead45d0;
LS_000001dcfeb31a90_0_4 .concat [ 1 1 1 1], L_000001dcfead45d0, L_000001dcfead45d0, L_000001dcfead45d0, L_000001dcfead45d0;
LS_000001dcfeb31a90_0_8 .concat [ 1 1 1 1], L_000001dcfead45d0, L_000001dcfead45d0, L_000001dcfead45d0, L_000001dcfead45d0;
LS_000001dcfeb31a90_0_12 .concat [ 1 1 1 1], L_000001dcfead45d0, L_000001dcfead45d0, L_000001dcfead45d0, L_000001dcfead45d0;
LS_000001dcfeb31a90_0_16 .concat [ 1 1 1 1], L_000001dcfead45d0, L_000001dcfead45d0, L_000001dcfead45d0, L_000001dcfead45d0;
LS_000001dcfeb31a90_0_20 .concat [ 1 1 1 1], L_000001dcfead45d0, L_000001dcfead45d0, L_000001dcfead45d0, L_000001dcfead45d0;
LS_000001dcfeb31a90_0_24 .concat [ 1 1 1 1], L_000001dcfead45d0, L_000001dcfead45d0, L_000001dcfead45d0, L_000001dcfead45d0;
LS_000001dcfeb31a90_0_28 .concat [ 1 1 1 1], L_000001dcfead45d0, L_000001dcfead45d0, L_000001dcfead45d0, L_000001dcfead45d0;
LS_000001dcfeb31a90_1_0 .concat [ 4 4 4 4], LS_000001dcfeb31a90_0_0, LS_000001dcfeb31a90_0_4, LS_000001dcfeb31a90_0_8, LS_000001dcfeb31a90_0_12;
LS_000001dcfeb31a90_1_4 .concat [ 4 4 4 4], LS_000001dcfeb31a90_0_16, LS_000001dcfeb31a90_0_20, LS_000001dcfeb31a90_0_24, LS_000001dcfeb31a90_0_28;
L_000001dcfeb31a90 .concat [ 16 16 0 0], LS_000001dcfeb31a90_1_0, LS_000001dcfeb31a90_1_4;
LS_000001dcfeb31e50_0_0 .concat [ 1 1 1 1], L_000001dcfead4800, L_000001dcfead4800, L_000001dcfead4800, L_000001dcfead4800;
LS_000001dcfeb31e50_0_4 .concat [ 1 1 1 1], L_000001dcfead4800, L_000001dcfead4800, L_000001dcfead4800, L_000001dcfead4800;
LS_000001dcfeb31e50_0_8 .concat [ 1 1 1 1], L_000001dcfead4800, L_000001dcfead4800, L_000001dcfead4800, L_000001dcfead4800;
LS_000001dcfeb31e50_0_12 .concat [ 1 1 1 1], L_000001dcfead4800, L_000001dcfead4800, L_000001dcfead4800, L_000001dcfead4800;
LS_000001dcfeb31e50_0_16 .concat [ 1 1 1 1], L_000001dcfead4800, L_000001dcfead4800, L_000001dcfead4800, L_000001dcfead4800;
LS_000001dcfeb31e50_0_20 .concat [ 1 1 1 1], L_000001dcfead4800, L_000001dcfead4800, L_000001dcfead4800, L_000001dcfead4800;
LS_000001dcfeb31e50_0_24 .concat [ 1 1 1 1], L_000001dcfead4800, L_000001dcfead4800, L_000001dcfead4800, L_000001dcfead4800;
LS_000001dcfeb31e50_0_28 .concat [ 1 1 1 1], L_000001dcfead4800, L_000001dcfead4800, L_000001dcfead4800, L_000001dcfead4800;
LS_000001dcfeb31e50_1_0 .concat [ 4 4 4 4], LS_000001dcfeb31e50_0_0, LS_000001dcfeb31e50_0_4, LS_000001dcfeb31e50_0_8, LS_000001dcfeb31e50_0_12;
LS_000001dcfeb31e50_1_4 .concat [ 4 4 4 4], LS_000001dcfeb31e50_0_16, LS_000001dcfeb31e50_0_20, LS_000001dcfeb31e50_0_24, LS_000001dcfeb31e50_0_28;
L_000001dcfeb31e50 .concat [ 16 16 0 0], LS_000001dcfeb31e50_1_0, LS_000001dcfeb31e50_1_4;
LS_000001dcfeb32990_0_0 .concat [ 1 1 1 1], L_000001dcfead46b0, L_000001dcfead46b0, L_000001dcfead46b0, L_000001dcfead46b0;
LS_000001dcfeb32990_0_4 .concat [ 1 1 1 1], L_000001dcfead46b0, L_000001dcfead46b0, L_000001dcfead46b0, L_000001dcfead46b0;
LS_000001dcfeb32990_0_8 .concat [ 1 1 1 1], L_000001dcfead46b0, L_000001dcfead46b0, L_000001dcfead46b0, L_000001dcfead46b0;
LS_000001dcfeb32990_0_12 .concat [ 1 1 1 1], L_000001dcfead46b0, L_000001dcfead46b0, L_000001dcfead46b0, L_000001dcfead46b0;
LS_000001dcfeb32990_0_16 .concat [ 1 1 1 1], L_000001dcfead46b0, L_000001dcfead46b0, L_000001dcfead46b0, L_000001dcfead46b0;
LS_000001dcfeb32990_0_20 .concat [ 1 1 1 1], L_000001dcfead46b0, L_000001dcfead46b0, L_000001dcfead46b0, L_000001dcfead46b0;
LS_000001dcfeb32990_0_24 .concat [ 1 1 1 1], L_000001dcfead46b0, L_000001dcfead46b0, L_000001dcfead46b0, L_000001dcfead46b0;
LS_000001dcfeb32990_0_28 .concat [ 1 1 1 1], L_000001dcfead46b0, L_000001dcfead46b0, L_000001dcfead46b0, L_000001dcfead46b0;
LS_000001dcfeb32990_1_0 .concat [ 4 4 4 4], LS_000001dcfeb32990_0_0, LS_000001dcfeb32990_0_4, LS_000001dcfeb32990_0_8, LS_000001dcfeb32990_0_12;
LS_000001dcfeb32990_1_4 .concat [ 4 4 4 4], LS_000001dcfeb32990_0_16, LS_000001dcfeb32990_0_20, LS_000001dcfeb32990_0_24, LS_000001dcfeb32990_0_28;
L_000001dcfeb32990 .concat [ 16 16 0 0], LS_000001dcfeb32990_1_0, LS_000001dcfeb32990_1_4;
L_000001dcfeb33070 .part v000001dcfeb33390_0, 4, 28;
L_000001dcfeb331b0 .concat [ 28 4 0 0], L_000001dcfeb33070, L_000001dcfeb33ad8;
L_000001dcfeb33250 .part L_000001dcfead4720, 3, 29;
L_000001dcfeb334d0 .concat [ 29 3 0 0], L_000001dcfeb33250, L_000001dcfeb33b20;
L_000001dcfeb32170 .part L_000001dcfead48e0, 2, 30;
L_000001dcfeb33570 .concat [ 30 2 0 0], L_000001dcfeb32170, L_000001dcfeb33b68;
L_000001dcfeb322b0 .part L_000001dcfead4950, 1, 31;
L_000001dcfeb33610 .concat [ 31 1 0 0], L_000001dcfeb322b0, L_000001dcfeb33bb0;
    .scope S_000001dcfea7e820;
T_0 ;
    %wait E_000001dcfead8da0;
    %load/vec4 v000001dcfeb33430_0;
    %flag_set/vec4 8;
    %jmp/0xz  T_0.0, 8;
    %load/vec4 v000001dcfeabef40_0;
    %assign/vec4 v000001dcfeb328f0_0, 0;
T_0.0 ;
    %jmp T_0;
    .thread T_0;
    .scope S_000001dcfea7e820;
T_1 ;
    %wait E_000001dcfead8d20;
    %load/vec4 v000001dcfeb33110_0;
    %inv;
    %flag_set/vec4 8;
    %jmp/0xz  T_1.0, 8;
    %pushi/vec4 4294967295, 0, 32;
    %assign/vec4 v000001dcfeb33390_0, 0;
    %jmp T_1.1;
T_1.0 ;
    %load/vec4 v000001dcfeb32e90_0;
    %flag_set/vec4 8;
    %jmp/0xz  T_1.2, 8;
    %load/vec4 v000001dcfeb32030_0;
    %assign/vec4 v000001dcfeb33390_0, 0;
T_1.2 ;
T_1.1 ;
    %jmp T_1;
    .thread T_1;
    .scope S_000001dcfea7e820;
T_2 ;
    %wait E_000001dcfead8d20;
    %load/vec4 v000001dcfeb33110_0;
    %inv;
    %flag_set/vec4 8;
    %jmp/0xz  T_2.0, 8;
    %pushi/vec4 0, 0, 1;
    %assign/vec4 v000001dcfeb32e90_0, 0;
    %jmp T_2.1;
T_2.0 ;
    %load/vec4 v000001dcfeb33430_0;
    %assign/vec4 v000001dcfeb32e90_0, 0;
T_2.1 ;
    %jmp T_2;
    .thread T_2;
    .scope S_000001dcfea7e820;
T_3 ;
    %wait E_000001dcfead8d20;
    %load/vec4 v000001dcfeb33110_0;
    %inv;
    %flag_set/vec4 8;
    %jmp/0xz  T_3.0, 8;
    %pushi/vec4 0, 0, 1;
    %assign/vec4 v000001dcfeabeae0_0, 0;
    %jmp T_3.1;
T_3.0 ;
    %load/vec4 v000001dcfeabeb80_0;
    %assign/vec4 v000001dcfeabeae0_0, 0;
T_3.1 ;
    %jmp T_3;
    .thread T_3;
    .scope S_000001dcfead1730;
T_4 ;
    %pushi/vec4 305419896, 0, 32;
    %store/vec4 v000001dcfeb332f0_0, 0, 32;
    %end;
    .thread T_4, $init;
    .scope S_000001dcfead1730;
T_5 ;
    %pushi/vec4 0, 0, 1;
    %store/vec4 v000001dcfeb31db0_0, 0, 1;
T_5.0 ;
    %delay 5000, 0;
    %load/vec4 v000001dcfeb31db0_0;
    %inv;
    %store/vec4 v000001dcfeb31db0_0, 0, 1;
    %jmp T_5.0;
    %end;
    .thread T_5;
    .scope S_000001dcfead1730;
T_6 ;
    %vpi_call/w 3 55 "$dumpfile", "crc_top_tb_v2.vcd" {0 0 0};
    %vpi_call/w 3 56 "$dumpvars", 32'sb00000000000000000000000000000000, S_000001dcfead1730 {0 0 0};
    %pushi/vec4 1, 0, 1;
    %store/vec4 v000001dcfeb32cb0_0, 0, 1;
    %pushi/vec4 0, 0, 1;
    %store/vec4 v000001dcfeb336b0_0, 0, 1;
    %delay 2000, 0;
    %pushi/vec4 0, 0, 1;
    %store/vec4 v000001dcfeb32cb0_0, 0, 1;
    %delay 2000, 0;
    %pushi/vec4 1, 0, 1;
    %store/vec4 v000001dcfeb32cb0_0, 0, 1;
    %wait E_000001dcfead8ce0;
    %pushi/vec4 1, 0, 1;
    %store/vec4 v000001dcfeb336b0_0, 0, 1;
    %pushi/vec4 0, 0, 32;
    %store/vec4 v000001dcfeb33890_0, 0, 32;
T_6.0 ;
    %load/vec4 v000001dcfeb33890_0;
    %cmpi/s 4, 0, 32;
    %jmp/0xz T_6.1, 5;
    %load/vec4 v000001dcfeb332f0_0;
    %pushi/vec4 31, 0, 32;
    %load/vec4 v000001dcfeb33890_0;
    %muli 8, 0, 32;
    %sub;
    %pad/s 34;
    %subi 7, 0, 34;
    %part/s 8;
    %store/vec4 v000001dcfeb31f90_0, 0, 8;
    %load/vec4 v000001dcfeb31f90_0;
    %parti/s 4, 0, 2;
    %store/vec4 v000001dcfeb32c10_0, 0, 4;
    %wait E_000001dcfead8ce0;
    %load/vec4 v000001dcfeb31f90_0;
    %parti/s 4, 4, 4;
    %store/vec4 v000001dcfeb32c10_0, 0, 4;
    %wait E_000001dcfead8ce0;
    %load/vec4 v000001dcfeb33890_0;
    %addi 1, 0, 32;
    %store/vec4 v000001dcfeb33890_0, 0, 32;
    %jmp T_6.0;
T_6.1 ;
    %pushi/vec4 0, 0, 1;
    %store/vec4 v000001dcfeb336b0_0, 0, 1;
    %pushi/vec4 2, 0, 32;
T_6.2 %dup/vec4;
    %pushi/vec4 0, 0, 32;
    %cmp/s;
    %jmp/1xz T_6.3, 5;
    %jmp/1 T_6.3, 4;
    %pushi/vec4 1, 0, 32;
    %sub;
    %wait E_000001dcfead8da0;
    %jmp T_6.2;
T_6.3 ;
    %pop/vec4 1;
    %load/vec4 v000001dcfeb33390_0;
    %inv;
    %vpi_call/w 3 79 "$display", "lfsr= %h ", S<0,vec4,u32> {1 0 0};
    %delay 30000, 0;
    %vpi_call/w 3 81 "$finish" {0 0 0};
    %end;
    .thread T_6;
# The file index is used to find the file name in the following table.
:file_names 6;
    "N/A";
    "<interactive>";
    "-";
    "crc_top_tb_v2.v";
    "crc_top_v2.v";
    "crc_comb.v";
